15:46:24.338 [main] INFO  api.test.UserTests - --------Create User Info-----------------
15:46:28.309 [main] INFO  api.test.UserTests - --------User Info Created-----------------
15:46:33.328 [main] INFO  api.test.UserTests - --------Display User Info-----------------
15:46:34.775 [main] INFO  api.test.UserTests - --------User Info Displayed-----------------
15:46:34.787 [main] INFO  api.test.UserTests - --------Updating User Info-----------------
15:46:36.167 [main] INFO  api.test.UserTests - --------User Info Updated-----------------
15:46:37.556 [main] INFO  api.test.UserTests - --------Deleting User Info-----------------
15:46:39.009 [main] INFO  api.test.UserTests - --------User Info Deleted-----------------
13:15:51.739 [main] INFO  api.test.UserTests - --------Create User Info-----------------
13:15:55.577 [main] INFO  api.test.UserTests - --------User Info Created-----------------
13:16:00.600 [main] INFO  api.test.UserTests - --------Display User Info-----------------
13:16:01.946 [main] INFO  api.test.UserTests - --------User Info Displayed-----------------
13:16:01.953 [main] INFO  api.test.UserTests - --------Updating User Info-----------------
13:16:03.342 [main] INFO  api.test.UserTests - --------User Info Updated-----------------
13:16:04.780 [main] INFO  api.test.UserTests - --------Deleting User Info-----------------
09:50:23.599 [main] INFO  api.test.UserTests2 - --------Create User Info-----------------
09:50:35.217 [main] INFO  api.test.UserTests2 - --------Display User Info-----------------
09:50:45.315 [main] INFO  api.test.UserTests2 - --------Updating User Info-----------------
09:50:53.674 [main] INFO  api.test.UserTests2 - --------Deleting User Info-----------------
09:56:28.823 [main] INFO  api.test.UserTests2 - --------Create User Info-----------------
09:56:41.358 [main] INFO  api.test.UserTests2 - --------Display User Info-----------------
09:56:45.830 [main] INFO  api.test.UserTests2 - --------Updating User Info-----------------
09:56:55.724 [main] INFO  api.test.UserTests2 - --------Deleting User Info-----------------
09:59:45.637 [main] INFO  api.test.UserTests2 - --------Create User Info-----------------
09:59:55.308 [main] INFO  api.test.UserTests2 - --------User Info Created-----------------
10:00:00.327 [main] INFO  api.test.UserTests2 - --------Display User Info-----------------
10:00:03.038 [main] INFO  api.test.UserTests2 - --------User Info Displayed-----------------
10:00:03.051 [main] INFO  api.test.UserTests2 - --------Updating User Info-----------------
10:00:05.617 [main] INFO  api.test.UserTests2 - --------User Info Updated-----------------
10:00:11.881 [main] INFO  api.test.UserTests2 - --------Deleting User Info-----------------
10:00:14.442 [main] INFO  api.test.UserTests2 - --------User Info Deleted-----------------
10:28:33.942 [main] INFO  api.test.UserTests2 - --------Create User Info-----------------
10:28:37.657 [main] INFO  api.test.UserTests2 - --------User Info Created-----------------
10:28:42.678 [main] INFO  api.test.UserTests2 - --------Display User Info-----------------
10:28:44.130 [main] INFO  api.test.UserTests2 - --------User Info Displayed-----------------
10:28:44.138 [main] INFO  api.test.UserTests2 - --------Updating User Info-----------------
10:28:45.616 [main] INFO  api.test.UserTests2 - --------User Info Updated-----------------
10:28:47.092 [main] INFO  api.test.UserTests2 - --------Deleting User Info-----------------
10:28:48.518 [main] INFO  api.test.UserTests2 - --------User Info Deleted-----------------
10:45:59.500 [main] INFO  api.test.UserTests2 - --------Create User Info-----------------
10:46:03.545 [main] INFO  api.test.UserTests2 - --------User Info Created-----------------
10:46:08.563 [main] INFO  api.test.UserTests2 - --------Display User Info-----------------
10:46:10.044 [main] INFO  api.test.UserTests2 - --------Updating User Info-----------------
10:46:11.447 [main] INFO  api.test.UserTests2 - --------User Info Updated-----------------
10:46:12.856 [main] INFO  api.test.UserTests2 - --------Deleting User Info-----------------
10:46:14.256 [main] INFO  api.test.UserTests2 - --------User Info Deleted-----------------
